<?xml version="1.0" encoding="UTF-8"?>
<!-- Generated by org.testng.reporters.JUnitReportReporter -->
<testsuite hostname="DESKTOP-TFMBSNA" failures="0" tests="4" name="automationPractice.Tests" time="92.059" errors="0" timestamp="2022-08-31T00:06:13 EAT" skipped="0">
  <testcase classname="automationPractice.Tests" name="authenticationFailure" time="13.111"/>
  <system-out/>
  <testcase classname="automationPractice.Tests" name="successfulLogin" time="12.694"/>
  <system-out>
    <![CDATA[=====Logged in Successfully with correct Credentials=====]]>
  </system-out>
  <testcase classname="automationPractice.Tests" name="sortPopularItems" time="8.776"/>
  <system-out>
    <![CDATA[=====Accessing and Sorting out popular items=====]]>
  </system-out>
  <testcase classname="automationPractice.Tests" name="addingItemsToCart" time="57.478"/>
  <system-out>
    <![CDATA[=====Began looking for dress to add to Cart=====]]>
  </system-out>
</testsuite> <!-- automationPractice.Tests -->
