<?xml version="1.0" encoding="UTF-8"?>
<!-- Generated by org.testng.reporters.JUnitReportReporter -->
<testsuite hostname="DESKTOP-TFMBSNA" failures="0" tests="2" name="automationPractice.Tests" time="82.215" errors="0" timestamp="2022-08-24T22:53:15 EAT" skipped="0">
  <testcase classname="automationPractice.Tests" name="successfulLogin" time="64.987"/>
  <system-out/>
  <testcase classname="automationPractice.Tests" name="authenticationFailure" time="17.228"/>
  <system-out/>
</testsuite> <!-- automationPractice.Tests -->
