<?xml version="1.0" encoding="UTF-8"?>
<!-- Generated by org.testng.reporters.JUnitReportReporter -->
<testsuite hostname="DESKTOP-TFMBSNA" failures="0" tests="1" name="tests.LoginTest" time="8.382" errors="0" timestamp="2022-08-31T21:56:56 EAT" skipped="0">
  <testcase classname="tests.LoginTest" name="authenticationFailure" time="8.382"/>
  <system-out/>
</testsuite> <!-- tests.LoginTest -->
