<?xml version="1.0" encoding="UTF-8"?>
<!-- Generated by org.testng.reporters.JUnitReportReporter -->
<testsuite hostname="DESKTOP-TFMBSNA" failures="0" tests="2" name="com.Jangwa.JangwaTest.Login" time="78.238" errors="0" timestamp="2022-08-24T17:40:11 EAT" skipped="0">
  <testcase classname="com.Jangwa.JangwaTest.Login" name="successfulLogin" time="36.160"/>
  <system-out/>
  <testcase classname="com.Jangwa.JangwaTest.Login" name="authenticationFailure" time="42.078"/>
  <system-out/>
</testsuite> <!-- com.Jangwa.JangwaTest.Login -->
